2017/06/28 14:10:47 [error] [system.db.CDbCommand] CDbCommand::fetchAll() failed: SQLSTATE[42S22]: Column not found: 1054 Unknown column 'vehicles.vehicle_id' in 'where clause'. The SQL statement executed was: SELECT `vehicles`.`id` AS `t1_c0`, `vehicles`.`regn_no` AS `t1_c1`, `vehicles`.`branch_id` AS `t1_c2`, `vehicles`.`manufacturer_id` AS `t1_c3`, `vehicles`.`model` AS `t1_c4`, `vehicles`.`vehicle_type` AS `t1_c5`, `vehicles`.`rc_no` AS `t1_c6`, `vehicles`.`status` AS `t1_c7`, `vehicles`.`created_by` AS `t1_c8`, `vehicles`.`created_on` AS `t1_c9`, `vehicles`.`updated_by` AS `t1_c10`, `vehicles`.`updated_on` AS `t1_c11`, `vehicles`.`comments` AS `t1_c12` FROM `vehicle` `vehicles`  WHERE (`vehicles`.`vehicle_id`=:ypl0).
in /Library/WebServer/Documents/sifs/protected/views/trip/stub.php (14)
in /Library/WebServer/Documents/sifs/protected/controllers/TripController.php (280)
in /Library/WebServer/Documents/sifs/index.php (30)
2017/06/28 14:10:47 [error] [exception.CDbException] exception 'CDbException' with message 'CDbCommand failed to execute the SQL statement: SQLSTATE[42S22]: Column not found: 1054 Unknown column 'vehicles.vehicle_id' in 'where clause'. The SQL statement executed was: SELECT `vehicles`.`id` AS `t1_c0`, `vehicles`.`regn_no` AS `t1_c1`, `vehicles`.`branch_id` AS `t1_c2`, `vehicles`.`manufacturer_id` AS `t1_c3`, `vehicles`.`model` AS `t1_c4`, `vehicles`.`vehicle_type` AS `t1_c5`, `vehicles`.`rc_no` AS `t1_c6`, `vehicles`.`status` AS `t1_c7`, `vehicles`.`created_by` AS `t1_c8`, `vehicles`.`created_on` AS `t1_c9`, `vehicles`.`updated_by` AS `t1_c10`, `vehicles`.`updated_on` AS `t1_c11`, `vehicles`.`comments` AS `t1_c12` FROM `vehicle` `vehicles`  WHERE (`vehicles`.`vehicle_id`=:ypl0)' in /Library/WebServer/Documents/yii/framework/db/CDbCommand.php:541
Stack trace:
#0 /Library/WebServer/Documents/yii/framework/db/CDbCommand.php(395): CDbCommand->queryInternal('fetchAll', Array, Array)
#1 /Library/WebServer/Documents/yii/framework/db/ar/CActiveFinder.php(761): CDbCommand->queryAll()
#2 /Library/WebServer/Documents/yii/framework/db/ar/CActiveFinder.php(489): CJoinElement->runQuery(Object(CJoinQuery))
#3 /Library/WebServer/Documents/yii/framework/db/ar/CActiveFinder.php(163): CJoinElement->lazyFind(Object(Trip))
#4 /Library/WebServer/Documents/yii/framework/db/ar/CActiveRecord.php(272): CActiveFinder->lazyFind(Object(Trip))
#5 /Library/WebServer/Documents/yii/framework/db/ar/CActiveRecord.php(141): CActiveRecord->getRelated('vehicles')
#6 /Library/WebServer/Documents/sifs/protected/views/trip/stub.php(14): CActiveRecord->__get('vehicles')
#7 /Library/WebServer/Documents/yii/framework/web/CBaseController.php(126): require('/Library/WebSer...')
#8 /Library/WebServer/Documents/yii/framework/web/CBaseController.php(95): CBaseController->renderInternal('/Library/WebSer...', Array, true)
#9 /Library/WebServer/Documents/yii/framework/web/CController.php(869): CBaseController->renderFile('/Library/WebSer...', Array, true)
#10 /Library/WebServer/Documents/sifs/protected/controllers/TripController.php(280): CController->renderPartial('stub', Array, true)
#11 [internal function]: TripController->actionGenerateTripsheet('4')
#12 /Library/WebServer/Documents/yii/framework/web/actions/CAction.php(108): ReflectionMethod->invokeArgs(Object(TripController), Array)
#13 /Library/WebServer/Documents/yii/framework/web/actions/CInlineAction.php(47): CAction->runWithParamsInternal(Object(TripController), Object(ReflectionMethod), Array)
#14 /Library/WebServer/Documents/yii/framework/web/CController.php(308): CInlineAction->runWithParams(Array)
#15 /Library/WebServer/Documents/yii/framework/web/filters/CFilterChain.php(133): CController->runAction(Object(CInlineAction))
#16 /Library/WebServer/Documents/yii/framework/web/filters/CFilter.php(40): CFilterChain->run()
#17 /Library/WebServer/Documents/yii/framework/web/CController.php(1145): CFilter->filter(Object(CFilterChain))
#18 /Library/WebServer/Documents/yii/framework/web/filters/CInlineFilter.php(58): CController->filterAccessControl(Object(CFilterChain))
#19 /Library/WebServer/Documents/yii/framework/web/filters/CFilterChain.php(130): CInlineFilter->filter(Object(CFilterChain))
#20 /Library/WebServer/Documents/yii/framework/web/CController.php(291): CFilterChain->run()
#21 /Library/WebServer/Documents/yii/framework/web/CController.php(265): CController->runActionWithFilters(Object(CInlineAction), Array)
#22 /Library/WebServer/Documents/yii/framework/web/CWebApplication.php(282): CController->run('generateTripshe...')
#23 /Library/WebServer/Documents/yii/framework/web/CWebApplication.php(141): CWebApplication->runController('trip/generateTr...')
#24 /Library/WebServer/Documents/yii/framework/base/CApplication.php(169): CWebApplication->processRequest()
#25 /Library/WebServer/Documents/sifs/index.php(30): CApplication->run()
#26 {main}
REQUEST_URI=/sifs/index.php?r=trip/generateTripsheet&id=4
HTTP_REFERER=http://localhost/sifs/index.php?r=trip/view&id=4
---
